[2026-01-02 10:38:46.471] [INFO    ] [multi_provider:__init__:236] Initialized 2 fallback providers: ['Alpha Vantage', 'Finnhub']
[2026-01-02 10:39:18.374] [INFO    ] [multi_provider:__init__:236] Initialized 2 fallback providers: ['Alpha Vantage', 'Finnhub']
[2026-01-02 10:39:27.282] [INFO    ] [portfolio_viewer:main:105] Mobile detection: Defaulting to desktop, use sidebar toggle to override
[2026-01-02 10:39:27.285] [INFO    ] [transaction_store:_init_database:236] Database schema initialized
[2026-01-02 10:39:27.286] [INFO    ] [transaction_store:__init__:128] TransactionStore initialized (encrypted): data/transactions.db
[2026-01-02 10:39:27.288] [WARNING ] [market_cache:get_last_transactions_csv:208] get_last_transactions_csv called - deprecated, use TransactionStore
[2026-01-02 10:39:27.298] [INFO    ] [transaction_store:_init_database:236] Database schema initialized
[2026-01-02 10:39:27.298] [INFO    ] [transaction_store:__init__:128] TransactionStore initialized (encrypted): data/transactions.db
[2026-01-02 10:39:27.440] [INFO    ] [transaction_store:get_all_transactions:457] Retrieved 2072 transactions
[2026-01-02 10:39:27.941] [INFO    ] [portfolio_viewer:main:214] Initializing Portfolio with 2072 transactions
[2026-01-02 10:39:27.942] [INFO    ] [portfolio:_reconstruct_state:225] Reconstructing portfolio from 2072 transactions
[2026-01-02 10:39:27.943] [WARNING ] [portfolio:process_transaction:199] XS2330514899: Selling/Transferring more shares than owned! Type: Sell, Capping to zero. (Check source data)
[2026-01-02 10:39:27.944] [WARNING ] [portfolio:process_transaction:199] US78435P1057: Selling/Transferring more shares than owned! Type: Sell, Capping to zero. (Check source data)
[2026-01-02 10:39:27.944] [WARNING ] [portfolio:process_transaction:199] 1211.HK: Selling/Transferring more shares than owned! Type: Sell, Capping to zero. (Check source data)
[2026-01-02 10:39:27.944] [WARNING ] [portfolio:process_transaction:199] CA11271J1075: Selling/Transferring more shares than owned! Type: Sell, Capping to zero. (Check source data)
[2026-01-02 10:39:27.944] [WARNING ] [portfolio:process_transaction:199] CA11271J1075: Selling/Transferring more shares than owned! Type: Sell, Capping to zero. (Check source data)
[2026-01-02 10:39:27.945] [INFO    ] [portfolio:_reconstruct_state:242] Portfolio state rebuilt: 44 holdings active.
[2026-01-02 10:39:27.949] [INFO    ] [market_data:get_fx_rate:316] FX Rate USD/EUR: 0.8522 (from SQLite)
[2026-01-02 10:39:27.952] [INFO    ] [market_data:get_fx_rate:316] FX Rate DKK/EUR: 0.1338 (from SQLite)
[2026-01-02 10:39:27.953] [INFO    ] [market_data:get_fx_rate:316] FX Rate PLN/EUR: 0.2371 (from SQLite)
[2026-01-02 10:39:27.954] [INFO    ] [market_data:get_fx_rate:316] FX Rate CAD/EUR: 0.6211 (from SQLite)
[2026-01-02 10:39:27.957] [INFO    ] [metrics:xirr:75] XIRR calculated: 13.78%
[2026-01-02 10:39:27.958] [INFO    ] [metrics:calculate_absolute_return:113] Absolute return calculated: 10.24%
[2026-01-02 10:39:27.959] [INFO    ] [market_data:fetch_historical_prices:362] Fetching historical prices for 235 tickers from 2023-06-05 00:00:00 to 2026-01-02
[2026-01-02 10:39:27.963] [INFO    ] [openfigi_resolver:resolve_batch:204] OpenFIGI Batch: 0 cached, 221 to resolve
[2026-01-02 10:39:27.963] [INFO    ] [openfigi_resolver:resolve_batch:218] Fetching OpenFIGI batch 1 (10 items)...
[2026-01-02 10:39:30.464] [INFO    ] [openfigi_resolver:resolve_batch:218] Fetching OpenFIGI batch 2 (10 items)...
[2026-01-02 10:39:32.965] [INFO    ] [openfigi_resolver:resolve_batch:218] Fetching OpenFIGI batch 3 (10 items)...
[2026-01-02 10:39:35.466] [INFO    ] [openfigi_resolver:resolve_batch:218] Fetching OpenFIGI batch 4 (10 items)...
[2026-01-02 10:39:37.966] [INFO    ] [openfigi_resolver:resolve_batch:218] Fetching OpenFIGI batch 5 (10 items)...
[2026-01-02 10:39:40.467] [INFO    ] [openfigi_resolver:resolve_batch:218] Fetching OpenFIGI batch 6 (10 items)...
[2026-01-02 10:39:42.968] [INFO    ] [openfigi_resolver:resolve_batch:218] Fetching OpenFIGI batch 7 (10 items)...
[2026-01-02 10:39:45.469] [INFO    ] [openfigi_resolver:resolve_batch:218] Fetching OpenFIGI batch 8 (10 items)...
[2026-01-02 10:39:47.969] [INFO    ] [openfigi_resolver:resolve_batch:218] Fetching OpenFIGI batch 9 (10 items)...
[2026-01-02 10:39:50.470] [INFO    ] [openfigi_resolver:resolve_batch:218] Fetching OpenFIGI batch 10 (10 items)...
[2026-01-02 10:39:52.971] [INFO    ] [openfigi_resolver:resolve_batch:218] Fetching OpenFIGI batch 11 (10 items)...
[2026-01-02 10:39:55.474] [INFO    ] [openfigi_resolver:resolve_batch:218] Fetching OpenFIGI batch 12 (10 items)...
[2026-01-02 10:39:57.976] [INFO    ] [openfigi_resolver:resolve_batch:218] Fetching OpenFIGI batch 13 (10 items)...
[2026-01-02 10:40:00.476] [INFO    ] [openfigi_resolver:resolve_batch:218] Fetching OpenFIGI batch 14 (10 items)...
[2026-01-02 10:40:02.978] [INFO    ] [openfigi_resolver:resolve_batch:218] Fetching OpenFIGI batch 15 (10 items)...
[2026-01-02 10:40:05.478] [INFO    ] [openfigi_resolver:resolve_batch:218] Fetching OpenFIGI batch 16 (10 items)...
[2026-01-02 10:40:07.980] [INFO    ] [openfigi_resolver:resolve_batch:218] Fetching OpenFIGI batch 17 (10 items)...
[2026-01-02 10:40:10.480] [INFO    ] [openfigi_resolver:resolve_batch:218] Fetching OpenFIGI batch 18 (10 items)...
[2026-01-02 10:40:12.980] [INFO    ] [openfigi_resolver:resolve_batch:218] Fetching OpenFIGI batch 19 (10 items)...
[2026-01-02 10:40:15.482] [INFO    ] [openfigi_resolver:resolve_batch:218] Fetching OpenFIGI batch 20 (10 items)...
[2026-01-02 10:40:17.984] [INFO    ] [openfigi_resolver:resolve_batch:218] Fetching OpenFIGI batch 21 (10 items)...
[2026-01-02 10:40:20.486] [INFO    ] [openfigi_resolver:resolve_batch:218] Fetching OpenFIGI batch 22 (10 items)...
[2026-01-02 10:40:22.986] [INFO    ] [openfigi_resolver:resolve_batch:218] Fetching OpenFIGI batch 23 (1 items)...
[2026-01-02 10:40:23.866] [INFO    ] [market_data:fetch_historical_prices:404] Historical Data: 88 cached, 147 to fetch
[2026-01-02 10:43:23.692] [WARNING ] [corporate_actions:fetch_split_history:135] Ignoring BLACKLISTED split for 1211.HK on 2025-07-30 (ratio: 6.0x)
[2026-01-02 10:43:23.692] [ERROR   ] [market_data:fetch_historical_prices:526] Failed to apply split adjustments: 'MarketDataCache' object has no attribute 'set_splits'
[2026-01-02 10:43:23.736] [INFO    ] [portfolio:_reconstruct_state:225] Reconstructing portfolio from 2072 transactions
[2026-01-02 10:43:23.736] [WARNING ] [portfolio:process_transaction:199] XS2330514899: Selling/Transferring more shares than owned! Type: Sell, Capping to zero. (Check source data)
[2026-01-02 10:43:23.738] [WARNING ] [portfolio:process_transaction:199] US78435P1057: Selling/Transferring more shares than owned! Type: Sell, Capping to zero. (Check source data)
[2026-01-02 10:43:23.738] [WARNING ] [portfolio:process_transaction:199] 1211.HK: Selling/Transferring more shares than owned! Type: Sell, Capping to zero. (Check source data)
[2026-01-02 10:43:23.738] [WARNING ] [portfolio:process_transaction:199] CA11271J1075: Selling/Transferring more shares than owned! Type: Sell, Capping to zero. (Check source data)
[2026-01-02 10:43:23.738] [WARNING ] [portfolio:process_transaction:199] CA11271J1075: Selling/Transferring more shares than owned! Type: Sell, Capping to zero. (Check source data)
[2026-01-02 10:43:23.738] [INFO    ] [portfolio:_reconstruct_state:242] Portfolio state rebuilt: 44 holdings active.
[2026-01-02 10:43:23.762] [INFO    ] [portfolio:_reconstruct_state:225] Reconstructing portfolio from 0 transactions
[2026-01-02 10:43:23.762] [INFO    ] [portfolio:_reconstruct_state:242] Portfolio state rebuilt: 0 holdings active.
[2026-01-02 10:43:24.405] [INFO    ] [market_data:fetch_single_price:183] GBPEUR=X: 1.15 (from regularMarketPrice)
[2026-01-02 10:43:24.405] [INFO    ] [market_data:get_fx_rate:329] FX Rate GBP/EUR: 1.1473
[2026-01-02 10:43:24.953] [INFO    ] [market_data:fetch_single_price:183] AUDEUR=X: 0.57 (from regularMarketPrice)
[2026-01-02 10:43:24.953] [INFO    ] [market_data:get_fx_rate:329] FX Rate AUD/EUR: 0.5711
[2026-01-02 10:43:25.524] [INFO    ] [market_data:fetch_single_price:183] ZAREUR=X: 0.05 (from regularMarketPrice)
[2026-01-02 10:43:25.525] [INFO    ] [market_data:get_fx_rate:329] FX Rate ZAR/EUR: 0.0511
[2026-01-02 10:43:26.155] [INFO    ] [market_data:fetch_single_price:183] NOKEUR=X: 0.08 (from regularMarketPrice)
[2026-01-02 10:43:26.155] [INFO    ] [market_data:get_fx_rate:329] FX Rate NOK/EUR: 0.0846
[2026-01-02 10:43:26.805] [INFO    ] [market_data:fetch_single_price:183] BRLEUR=X: 0.15 (from regularMarketPrice)
[2026-01-02 10:43:26.805] [INFO    ] [market_data:get_fx_rate:329] FX Rate BRL/EUR: 0.1549
[2026-01-02 10:43:27.363] [INFO    ] [market_data:fetch_single_price:183] ILSEUR=X: 0.27 (from regularMarketPrice)
[2026-01-02 10:43:27.363] [INFO    ] [market_data:get_fx_rate:329] FX Rate ILS/EUR: 0.2676
[2026-01-02 10:43:27.466] [WARNING ] [portfolio:process_transaction:199] XS2330514899: Selling/Transferring more shares than owned! Type: Sell, Capping to zero. (Check source data)
[2026-01-02 10:43:28.061] [INFO    ] [market_data:fetch_single_price:183] JPYEUR=X: 0.01 (from regularMarketPrice)
[2026-01-02 10:43:28.061] [INFO    ] [market_data:get_fx_rate:329] FX Rate JPY/EUR: 0.0054
[2026-01-02 10:43:28.793] [INFO    ] [market_data:fetch_single_price:183] HKDEUR=X: 0.11 (from regularMarketPrice)
[2026-01-02 10:43:28.793] [INFO    ] [market_data:get_fx_rate:329] FX Rate HKD/EUR: 0.1094
[2026-01-02 10:43:30.217] [INFO    ] [market_data:fetch_single_price:183] SEKEUR=X: 0.09 (from regularMarketPrice)
[2026-01-02 10:43:30.217] [INFO    ] [market_data:get_fx_rate:329] FX Rate SEK/EUR: 0.0919
[2026-01-02 10:43:31.277] [INFO    ] [market_data:fetch_single_price:183] CHFEUR=X: 1.07 (from regularMarketPrice)
[2026-01-02 10:43:31.277] [INFO    ] [market_data:get_fx_rate:329] FX Rate CHF/EUR: 1.0749
[2026-01-02 10:43:31.362] [WARNING ] [portfolio:process_transaction:199] US78435P1057: Selling/Transferring more shares than owned! Type: Sell, Capping to zero. (Check source data)
[2026-01-02 10:43:32.333] [WARNING ] [portfolio:process_transaction:199] 1211.HK: Selling/Transferring more shares than owned! Type: Sell, Capping to zero. (Check source data)
[2026-01-02 10:43:32.333] [WARNING ] [portfolio:process_transaction:199] CA11271J1075: Selling/Transferring more shares than owned! Type: Sell, Capping to zero. (Check source data)
[2026-01-02 10:43:32.334] [WARNING ] [portfolio:process_transaction:199] CA11271J1075: Selling/Transferring more shares than owned! Type: Sell, Capping to zero. (Check source data)
[2026-01-02 10:43:32.691] [ERROR   ] [portfolio:get_holdings_summary:392] Failed to get cached price for US4330001060: name 'get_market_cache' is not defined
[2026-01-02 10:43:32.691] [WARNING ] [portfolio:get_holdings_summary:400] US4330001060: No price found, using average cost basis (14.26 EUR)
[2026-01-02 10:43:32.693] [ERROR   ] [portfolio:get_holdings_summary:392] Failed to get cached price for US88160R1014: name 'get_market_cache' is not defined
[2026-01-02 10:43:32.693] [WARNING ] [portfolio:get_holdings_summary:400] US88160R1014: No price found, using average cost basis (186.18 EUR)
[2026-01-02 10:43:32.693] [ERROR   ] [portfolio:get_holdings_summary:392] Failed to get cached price for TSM: name 'get_market_cache' is not defined
[2026-01-02 10:43:32.693] [WARNING ] [portfolio:get_holdings_summary:400] TSM: No price found, using average cost basis (152.33 EUR)
[2026-01-02 10:43:32.693] [ERROR   ] [portfolio:get_holdings_summary:392] Failed to get cached price for US48581R2058: name 'get_market_cache' is not defined
[2026-01-02 10:43:32.693] [WARNING ] [portfolio:get_holdings_summary:400] US48581R2058: No price found, using average cost basis (63.88 EUR)
[2026-01-02 10:43:32.693] [ERROR   ] [portfolio:get_holdings_summary:392] Failed to get cached price for US89377M1099: name 'get_market_cache' is not defined
[2026-01-02 10:43:32.693] [WARNING ] [portfolio:get_holdings_summary:400] US89377M1099: No price found, using average cost basis (75.50 EUR)
[2026-01-02 10:43:32.693] [ERROR   ] [portfolio:get_holdings_summary:392] Failed to get cached price for US81141R1005: name 'get_market_cache' is not defined
[2026-01-02 10:43:32.693] [WARNING ] [portfolio:get_holdings_summary:400] US81141R1005: No price found, using average cost basis (60.78 EUR)
[2026-01-02 10:43:32.693] [ERROR   ] [portfolio:get_holdings_summary:392] Failed to get cached price for KYG6683N1034: name 'get_market_cache' is not defined
[2026-01-02 10:43:32.693] [WARNING ] [portfolio:get_holdings_summary:400] KYG6683N1034: No price found, using average cost basis (11.36 EUR)
[2026-01-02 10:43:32.693] [ERROR   ] [portfolio:get_holdings_summary:392] Failed to get cached price for US67066G1040: name 'get_market_cache' is not defined
[2026-01-02 10:43:32.693] [WARNING ] [portfolio:get_holdings_summary:400] US67066G1040: No price found, using average cost basis (170.31 EUR)
[2026-01-02 10:43:32.693] [ERROR   ] [portfolio:get_holdings_summary:392] Failed to get cached price for US58733R1023: name 'get_market_cache' is not defined
[2026-01-02 10:43:32.693] [WARNING ] [portfolio:get_holdings_summary:400] US58733R1023: No price found, using average cost basis (1769.70 EUR)
[2026-01-02 10:43:32.693] [ERROR   ] [portfolio:get_holdings_summary:392] Failed to get cached price for US0231351067: name 'get_market_cache' is not defined
[2026-01-02 10:43:32.693] [WARNING ] [portfolio:get_holdings_summary:400] US0231351067: No price found, using average cost basis (185.26 EUR)
[2026-01-02 10:43:32.693] [ERROR   ] [portfolio:get_holdings_summary:392] Failed to get cached price for US30303M1027: name 'get_market_cache' is not defined
[2026-01-02 10:43:32.693] [WARNING ] [portfolio:get_holdings_summary:400] US30303M1027: No price found, using average cost basis (495.59 EUR)
[2026-01-02 10:43:32.693] [ERROR   ] [portfolio:get_holdings_summary:392] Failed to get cached price for US7707001027: name 'get_market_cache' is not defined
[2026-01-02 10:43:32.693] [WARNING ] [portfolio:get_holdings_summary:400] US7707001027: No price found, using average cost basis (17.66 EUR)
[2026-01-02 10:43:32.693] [ERROR   ] [portfolio:get_holdings_summary:392] Failed to get cached price for KYG4124C1096: name 'get_market_cache' is not defined
[2026-01-02 10:43:32.693] [WARNING ] [portfolio:get_holdings_summary:400] KYG4124C1096: No price found, using average cost basis (4.38 EUR)
[2026-01-02 10:43:32.693] [ERROR   ] [portfolio:get_holdings_summary:392] Failed to get cached price for SPIW.DE: name 'get_market_cache' is not defined
[2026-01-02 10:43:32.693] [WARNING ] [portfolio:get_holdings_summary:400] SPIW.DE: No price found, using average cost basis (17.86 EUR)
[2026-01-02 10:43:32.693] [ERROR   ] [portfolio:get_holdings_summary:392] Failed to get cached price for CA11271J1075: name 'get_market_cache' is not defined
[2026-01-02 10:43:32.693] [WARNING ] [portfolio:get_holdings_summary:400] CA11271J1075: No price found, using average cost basis (39.67 EUR)
[2026-01-02 10:43:32.693] [ERROR   ] [portfolio:get_holdings_summary:392] Failed to get cached price for US0304201033: name 'get_market_cache' is not defined
[2026-01-02 10:43:32.693] [WARNING ] [portfolio:get_holdings_summary:400] US0304201033: No price found, using average cost basis (111.13 EUR)
[2026-01-02 10:43:32.693] [ERROR   ] [portfolio:get_holdings_summary:392] Failed to get cached price for IE000S9YS762: name 'get_market_cache' is not defined
[2026-01-02 10:43:32.693] [WARNING ] [portfolio:get_holdings_summary:400] IE000S9YS762: No price found, using average cost basis (339.29 EUR)
[2026-01-02 10:43:32.693] [ERROR   ] [portfolio:get_holdings_summary:392] Failed to get cached price for NL0000687663: name 'get_market_cache' is not defined
[2026-01-02 10:43:32.693] [WARNING ] [portfolio:get_holdings_summary:400] NL0000687663: No price found, using average cost basis (103.25 EUR)
[2026-01-02 10:43:32.697] [ERROR   ] [portfolio:get_holdings_summary:392] Failed to get cached price for LU3176111881: name 'get_market_cache' is not defined
[2026-01-02 10:43:32.697] [WARNING ] [portfolio:get_holdings_summary:400] LU3176111881: No price found, using average cost basis (100.00 EUR)
[2026-01-02 10:43:32.697] [ERROR   ] [portfolio:get_holdings_summary:392] Failed to get cached price for US15118V2079: name 'get_market_cache' is not defined
[2026-01-02 10:43:32.697] [WARNING ] [portfolio:get_holdings_summary:400] US15118V2079: No price found, using average cost basis (37.58 EUR)
[2026-01-02 10:43:32.697] [ERROR   ] [portfolio:get_holdings_summary:392] Failed to get cached price for NFLX: name 'get_market_cache' is not defined
[2026-01-02 10:43:32.697] [WARNING ] [portfolio:get_holdings_summary:400] NFLX: No price found, using average cost basis (82.93 EUR)
[2026-01-02 10:43:32.777] [INFO    ] [engine:process_all_transactions:317] Processing 2072 transactions with WeightedAverage
[2026-01-02 10:43:32.786] [WARNING ] [engine:match_sell:171] No open lots for CA11271J1075
[2026-01-02 10:43:32.786] [WARNING ] [engine:match_sell:171] No open lots for US7731211089
[2026-01-02 10:43:32.787] [INFO    ] [engine:process_all_transactions:322] Generated 557 tax events
[2026-01-02 10:43:58.534] [INFO    ] [portfolio_viewer:main:105] Mobile detection: Defaulting to desktop, use sidebar toggle to override
[2026-01-02 10:43:58.538] [INFO    ] [transaction_store:_init_database:236] Database schema initialized
[2026-01-02 10:43:58.538] [INFO    ] [transaction_store:__init__:128] TransactionStore initialized (encrypted): data/transactions.db
[2026-01-02 10:43:58.538] [WARNING ] [market_cache:get_last_transactions_csv:208] get_last_transactions_csv called - deprecated, use TransactionStore
[2026-01-02 10:43:58.548] [INFO    ] [transaction_store:_init_database:236] Database schema initialized
[2026-01-02 10:43:58.548] [INFO    ] [transaction_store:__init__:128] TransactionStore initialized (encrypted): data/transactions.db
[2026-01-02 10:43:58.687] [INFO    ] [transaction_store:get_all_transactions:457] Retrieved 2072 transactions
[2026-01-02 10:44:00.072] [INFO    ] [portfolio_viewer:main:214] Initializing Portfolio with 2072 transactions
[2026-01-02 10:44:00.072] [INFO    ] [portfolio:_reconstruct_state:225] Reconstructing portfolio from 2072 transactions
[2026-01-02 10:44:00.073] [WARNING ] [portfolio:process_transaction:199] XS2330514899: Selling/Transferring more shares than owned! Type: Sell, Capping to zero. (Check source data)
[2026-01-02 10:44:00.074] [WARNING ] [portfolio:process_transaction:199] US78435P1057: Selling/Transferring more shares than owned! Type: Sell, Capping to zero. (Check source data)
[2026-01-02 10:44:00.075] [WARNING ] [portfolio:process_transaction:199] 1211.HK: Selling/Transferring more shares than owned! Type: Sell, Capping to zero. (Check source data)
[2026-01-02 10:44:00.075] [WARNING ] [portfolio:process_transaction:199] CA11271J1075: Selling/Transferring more shares than owned! Type: Sell, Capping to zero. (Check source data)
[2026-01-02 10:44:00.075] [WARNING ] [portfolio:process_transaction:199] CA11271J1075: Selling/Transferring more shares than owned! Type: Sell, Capping to zero. (Check source data)
[2026-01-02 10:44:00.076] [INFO    ] [portfolio:_reconstruct_state:242] Portfolio state rebuilt: 44 holdings active.
[2026-01-02 10:44:00.083] [INFO    ] [metrics:xirr:75] XIRR calculated: 49.60%
[2026-01-02 10:44:00.083] [INFO    ] [metrics:calculate_absolute_return:113] Absolute return calculated: 45.93%
[2026-01-02 10:44:00.118] [ERROR   ] [portfolio:get_holdings_summary:392] Failed to get cached price for SPIW.DE: name 'get_market_cache' is not defined
[2026-01-02 10:44:00.118] [WARNING ] [portfolio:get_holdings_summary:400] SPIW.DE: No price found, using average cost basis (17.86 EUR)
[2026-01-02 10:44:00.119] [ERROR   ] [portfolio:get_holdings_summary:392] Failed to get cached price for LU3176111881: name 'get_market_cache' is not defined
[2026-01-02 10:44:00.119] [WARNING ] [portfolio:get_holdings_summary:400] LU3176111881: No price found, using average cost basis (100.00 EUR)
[2026-01-02 10:44:00.145] [INFO    ] [engine:process_all_transactions:317] Processing 2072 transactions with WeightedAverage
[2026-01-02 10:44:00.155] [WARNING ] [engine:match_sell:171] No open lots for CA11271J1075
[2026-01-02 10:44:00.155] [WARNING ] [engine:match_sell:171] No open lots for US7731211089
[2026-01-02 10:44:00.156] [INFO    ] [engine:process_all_transactions:322] Generated 557 tax events
